<?xml version="1.0" encoding="UTF-8"?>
<!-- Generated by org.testng.reporters.JUnitReportReporter -->
<testsuite hostname="DESKTOP-9A8VSM7" failures="0" tests="1" name="com.todos.tests.AddTodosTest" time="67.238" errors="0" timestamp="08 mai 2024 21:23:34 GMT" skipped="0">
  <testcase classname="com.todos.tests.AddTodosTest" name="iCanAddTodos" time="67.238"/>
</testsuite> <!-- com.todos.tests.AddTodosTest -->
